Release 12.4 - xst M.81d (lin64)
Copyright (c) 1995-2010 Xilinx, Inc.  All rights reserved.
--> 
Parameter TMPDIR set to tmpdir


Total REAL time to Xst completion: 5.00 secs
Total CPU time to Xst completion: 0.13 secs
 
--> 

TABLE OF CONTENTS
  1) Synthesis Options Summary
  2) HDL Parsing
  3) HDL Elaboration
  4) HDL Synthesis
       4.1) HDL Synthesis Report
  5) Advanced HDL Synthesis
       5.1) Advanced HDL Synthesis Report
  6) Low Level Synthesis
  7) Partition Report
  8) Design Summary
       8.1) Primitive and Black Box Usage
       8.2) Device utilization summary
       8.3) Partition Resource Summary
       8.4) Timing Report
            8.4.1) Clock Information
            8.4.2) Asynchronous Control Signals Information
            8.4.3) Timing Summary
            8.4.4) Timing Details
            8.4.5) Cross Clock Domains Report


=========================================================================
*                      Synthesis Options Summary                        *
=========================================================================
---- Source Parameters
Input File Name                    : "design.prj"

---- Target Parameters
Output File Name                   : "design.ngc"
Target Device                      : xc6slx16-3-csg324

---- Source Options
Top Module Name                    : KeyboardHW

=========================================================================

WARNING:Xst:29 - Optimization Effort not specified
The following parameters have been added:
Optimization Goal                  : SPEED

=========================================================================

=========================================================================
*                          HDL Parsing                                  *
=========================================================================
Parsing VHDL file "/edu/juska933/tsea83-proj/tsea83-hardware/src/KeyboardDecoder/hw-synthdir/xst/synth/../../../KeyboardHW.vhd" into library work
Parsing entity <KeyboardHW>.
Parsing architecture <Behavioral> of entity <keyboardhw>.
Parsing VHDL file "/edu/juska933/tsea83-proj/tsea83-hardware/src/KeyboardDecoder/hw-synthdir/xst/synth/../../../KeyboardDecoder.vhd" into library work
Parsing entity <keyboard_decoder>.
Parsing architecture <Behavioral> of entity <keyboard_decoder>.
Parsing VHDL file "/edu/juska933/tsea83-proj/tsea83-hardware/src/KeyboardDecoder/hw-synthdir/xst/synth/../../../leddriver.vhd" into library work
Parsing entity <leddriver>.
Parsing architecture <Behavioral> of entity <leddriver>.

=========================================================================
*                            HDL Elaboration                            *
=========================================================================

Elaborating entity <KeyboardHW> (architecture <Behavioral>) from library <work>.

Elaborating entity <leddriver> (architecture <Behavioral>) from library <work>.

Elaborating entity <keyboard_decoder> (architecture <Behavioral>) from library <work>.
WARNING:HDLCompiler:1127 - "/edu/juska933/tsea83-proj/tsea83-hardware/src/KeyboardDecoder/hw-synthdir/xst/synth/../../../KeyboardDecoder.vhd" Line 201: Assignment to key_value ignored, since the identifier is never used
WARNING:HDLCompiler:634 - "/edu/juska933/tsea83-proj/tsea83-hardware/src/KeyboardDecoder/hw-synthdir/xst/synth/../../../KeyboardHW.vhd" Line 41: Net <read_signal> does not have a driver.

=========================================================================
*                           HDL Synthesis                               *
=========================================================================

Synthesizing Unit <KeyboardHW>.
    Related source file is "/edu/juska933/tsea83-proj/tsea83-hardware/src/KeyboardDecoder/KeyboardHW.vhd".
INFO:Xst:3010 - "/edu/juska933/tsea83-proj/tsea83-hardware/src/KeyboardDecoder/KeyboardHW.vhd" line 50: Output port <we> of the instance <keyboard_instance> is unconnected or connected to loadless signal.
WARNING:Xst:653 - Signal <read_signal> is used but never assigned. This sourceless signal will be automatically connected to value GND.
    Summary:
	no macro.
Unit <KeyboardHW> synthesized.

Synthesizing Unit <leddriver>.
    Related source file is "/edu/juska933/tsea83-proj/tsea83-hardware/src/KeyboardDecoder/leddriver.vhd".
WARNING:Xst:647 - Input <rst> is never used. This port will be preserved and left unconnected if it belongs to a top-level block or it belongs to a sub-block and the hierarchy of this sub-block is preserved.
    Found 7-bit register for signal <segments>.
    Found 4-bit register for signal <an>.
    Found 18-bit register for signal <counter_r>.
    Found 18-bit adder for signal <counter_r[17]_GND_5_o_add_2_OUT> created at line 1241.
    Found 16x7-bit Read Only RAM for signal <v[3]_GND_5_o_wide_mux_3_OUT>
    Found 4x4-bit Read Only RAM for signal <counter_r[17]_PWR_5_o_wide_mux_4_OUT>
    Found 1-bit 4-to-1 multiplexer for signal <v<3>> created at line 31.
    Found 1-bit 4-to-1 multiplexer for signal <v<2>> created at line 31.
    Found 1-bit 4-to-1 multiplexer for signal <v<1>> created at line 31.
    Found 1-bit 4-to-1 multiplexer for signal <v<0>> created at line 31.
    Summary:
	inferred   2 RAM(s).
	inferred   1 Adder/Subtractor(s).
	inferred  29 D-type flip-flop(s).
	inferred   4 Multiplexer(s).
Unit <leddriver> synthesized.

Synthesizing Unit <keyboard_decoder>.
    Related source file is "/edu/juska933/tsea83-proj/tsea83-hardware/src/KeyboardDecoder/KeyboardDecoder.vhd".
WARNING:Xst:653 - Signal <we> is used but never assigned. This sourceless signal will be automatically connected to value GND.
    Found 1-bit register for signal <PS2Data>.
    Found 1-bit register for signal <PS2Clk_Q1>.
    Found 1-bit register for signal <PS2Clk_Q2>.
    Found 11-bit register for signal <PS2Data_sr>.
    Found 8-bit register for signal <debug_counter>.
    Found 1-bit register for signal <make_op>.
    Found 4-bit register for signal <PS2BitCounter>.
    Found 2-bit register for signal <PS2state>.
    Found 1-bit register for signal <is_make>.
    Found 1-bit register for signal <is_shift_down>.
    Found 1-bit register for signal <is_ctrl_down>.
    Found 1-bit register for signal <is_new>.
    Found 1-bit register for signal <PS2Clk>.
    Found finite state machine <FSM_0> for signal <PS2state>.
    -----------------------------------------------------------------------
    | States             | 3                                              |
    | Transitions        | 5                                              |
    | Inputs             | 2                                              |
    | Outputs            | 5                                              |
    | Clock              | clk (rising_edge)                              |
    | Reset              | rst (positive)                                 |
    | Reset type         | synchronous                                    |
    | Reset State        | idle                                           |
    | Power Up State     | idle                                           |
    | Encoding           | auto                                           |
    | Implementation     | LUT                                            |
    -----------------------------------------------------------------------
    Found 8-bit adder for signal <debug_counter[7]_GND_6_o_add_0_OUT> created at line 1241.
    Found 4-bit adder for signal <PS2BitCounter[3]_GND_6_o_add_9_OUT> created at line 1241.
INFO:Xst:2840 - Register <read_signal_q1<0:0>> in unit <keyboard_decoder> has a constant value of 0 during circuit operation. The register is replaced by logic.
    Summary:
	inferred   2 Adder/Subtractor(s).
	inferred  32 D-type flip-flop(s).
	inferred   3 Multiplexer(s).
	inferred   1 Finite State Machine(s).
Unit <keyboard_decoder> synthesized.
RTL-Simplification CPUSTAT: 0.03 
RTL-BasicInf CPUSTAT: 0.17 
RTL-BasicOpt CPUSTAT: 0.00 
RTL-Remain-Bus CPUSTAT: 0.00 

=========================================================================
HDL Synthesis Report

Macro Statistics
# RAMs                                                 : 2
 16x7-bit single-port Read Only RAM                    : 1
 4x4-bit single-port Read Only RAM                     : 1
# Adders/Subtractors                                   : 3
 18-bit adder                                          : 1
 4-bit adder                                           : 1
 8-bit adder                                           : 1
# Registers                                            : 15
 1-bit register                                        : 9
 11-bit register                                       : 1
 18-bit register                                       : 1
 4-bit register                                        : 2
 7-bit register                                        : 1
 8-bit register                                        : 1
# Multiplexers                                         : 7
 1-bit 2-to-1 multiplexer                              : 2
 1-bit 4-to-1 multiplexer                              : 4
 4-bit 2-to-1 multiplexer                              : 1
# FSMs                                                 : 1

=========================================================================

=========================================================================
*                       Advanced HDL Synthesis                          *
=========================================================================


Synthesizing (advanced) Unit <keyboard_decoder>.
The following registers are absorbed into counter <debug_counter>: 1 register on signal <debug_counter>.
The following registers are absorbed into counter <PS2BitCounter>: 1 register on signal <PS2BitCounter>.
Unit <keyboard_decoder> synthesized (advanced).

Synthesizing (advanced) Unit <leddriver>.
The following registers are absorbed into counter <counter_r>: 1 register on signal <counter_r>.
INFO:Xst:3048 - The small RAM <Mram_v[3]_GND_5_o_wide_mux_3_OUT> will be implemented on LUTs in order to maximize performance and save block RAM resources. If you want to force its implementation on block, use option/constraint ram_style.
    -----------------------------------------------------------------------
    | ram_type           | Distributed                         |          |
    -----------------------------------------------------------------------
    | Port A                                                              |
    |     aspect ratio   | 16-word x 7-bit                     |          |
    |     weA            | connected to signal <GND>           | high     |
    |     addrA          | connected to signal <v>             |          |
    |     diA            | connected to signal <GND>           |          |
    |     doA            | connected to internal node          |          |
    -----------------------------------------------------------------------
INFO:Xst:3048 - The small RAM <Mram_counter_r[17]_PWR_5_o_wide_mux_4_OUT> will be implemented on LUTs in order to maximize performance and save block RAM resources. If you want to force its implementation on block, use option/constraint ram_style.
    -----------------------------------------------------------------------
    | ram_type           | Distributed                         |          |
    -----------------------------------------------------------------------
    | Port A                                                              |
    |     aspect ratio   | 4-word x 4-bit                      |          |
    |     weA            | connected to signal <GND>           | high     |
    |     addrA          | connected to signal <counter_r>     |          |
    |     diA            | connected to signal <GND>           |          |
    |     doA            | connected to internal node          |          |
    -----------------------------------------------------------------------
Unit <leddriver> synthesized (advanced).
WARNING:Xst:2677 - Node <PS2Data_sr_0> of sequential type is unconnected in block <keyboard_decoder>.

=========================================================================
Advanced HDL Synthesis Report

Macro Statistics
# RAMs                                                 : 2
 16x7-bit single-port distributed Read Only RAM        : 1
 4x4-bit single-port distributed Read Only RAM         : 1
# Counters                                             : 3
 18-bit up counter                                     : 1
 4-bit up counter                                      : 1
 8-bit up counter                                      : 1
# Registers                                            : 30
 Flip-Flops                                            : 30
# Multiplexers                                         : 6
 1-bit 2-to-1 multiplexer                              : 2
 1-bit 4-to-1 multiplexer                              : 4
# FSMs                                                 : 1

=========================================================================

=========================================================================
*                         Low Level Synthesis                           *
=========================================================================
Analyzing FSM <MFsm> for best encoding.
Optimizing FSM <keyboard_instance/FSM_0> on signal <PS2state[1:2]> with user encoding.
-------------------
 State | Encoding
-------------------
 idle  | 00
 make  | 01
 break | 10
-------------------

Optimizing unit <KeyboardHW> ...

Optimizing unit <leddriver> ...

Optimizing unit <keyboard_decoder> ...

Mapping all equations...
Building and optimizing final netlist ...
Found area constraint ratio of 100 (+ 0) on block KeyboardHW, actual ratio is 0.

Final Macro Processing ...

=========================================================================
Final Register Report

Macro Statistics
# Registers                                            : 62
 Flip-Flops                                            : 62

=========================================================================

=========================================================================
*                           Partition Report                            *
=========================================================================

Partition Implementation Status
-------------------------------

  No Partitions were found in this design.

-------------------------------

=========================================================================
*                            Design Summary                             *
=========================================================================

Top Level Output File Name         : design.ngc

Primitive and Black Box Usage:
------------------------------
# BELS                             : 118
#      GND                         : 1
#      INV                         : 3
#      LUT1                        : 24
#      LUT2                        : 9
#      LUT3                        : 4
#      LUT4                        : 11
#      LUT5                        : 6
#      LUT6                        : 9
#      MUXCY                       : 24
#      VCC                         : 1
#      XORCY                       : 26
# FlipFlops/Latches                : 62
#      FD                          : 35
#      FDE                         : 8
#      FDR                         : 4
#      FDRE                        : 14
#      FDS                         : 1
# Clock Buffers                    : 1
#      BUFGP                       : 1
# IO Buffers                       : 15
#      IBUF                        : 3
#      OBUF                        : 12

Device utilization summary:
---------------------------

Selected Device : 6slx16csg324-3 


Slice Logic Utilization: 
 Number of Slice Registers:              62  out of  18224     0%  
 Number of Slice LUTs:                   66  out of   9112     0%  
    Number used as Logic:                66  out of   9112     0%  

Slice Logic Distribution: 
 Number of LUT Flip Flop pairs used:     78
   Number with an unused Flip Flop:      16  out of     78    20%  
   Number with an unused LUT:            12  out of     78    15%  
   Number of fully used LUT-FF pairs:    50  out of     78    64%  
   Number of unique control sets:         4

IO Utilization: 
 Number of IOs:                          16
 Number of bonded IOBs:                  16  out of    232     6%  

Specific Feature Utilization:
 Number of BUFG/BUFGCTRLs:                1  out of     16     6%  

---------------------------
Partition Resource Summary:
---------------------------

  No Partitions were found in this design.

---------------------------


=========================================================================
Timing Report

NOTE: THESE TIMING NUMBERS ARE ONLY A SYNTHESIS ESTIMATE.
      FOR ACCURATE TIMING INFORMATION PLEASE REFER TO THE TRACE REPORT
      GENERATED AFTER PLACE-and-ROUTE.

Clock Information:
------------------
-----------------------------------+------------------------+-------+
Clock Signal                       | Clock buffer(FF name)  | Load  |
-----------------------------------+------------------------+-------+
clk                                | BUFGP                  | 62    |
-----------------------------------+------------------------+-------+

Asynchronous Control Signals Information:
----------------------------------------
No asynchronous control signals found in this design

Timing Summary:
---------------
Speed Grade: -3

   Minimum period: 3.436ns (Maximum Frequency: 291.049MHz)
   Minimum input arrival time before clock: 3.849ns
   Maximum output required time after clock: 3.597ns
   Maximum combinational path delay: No path found

Timing Details:
---------------
All values displayed in nanoseconds (ns)

=========================================================================
Timing constraint: Default period analysis for Clock 'clk'
  Clock period: 3.436ns (frequency: 291.049MHz)
  Total number of paths / destination ports: 505 / 82
-------------------------------------------------------------------------
Delay:               3.436ns (Levels of Logic = 3)
  Source:            keyboard_instance/PS2Data_sr_4 (FF)
  Destination:       keyboard_instance/is_ctrl_down_0 (FF)
  Source Clock:      clk rising
  Destination Clock: clk rising

  Data Path: keyboard_instance/PS2Data_sr_4 to keyboard_instance/is_ctrl_down_0
                                Gate     Net
    Cell:in->out      fanout   Delay   Delay  Logical Name (Net Name)
    ----------------------------------------  ------------
     FDRE:C->Q             6   0.447   0.973  keyboard_instance/PS2Data_sr_4 (keyboard_instance/PS2Data_sr_4)
     LUT3:I0->O            2   0.205   0.721  keyboard_instance/_n017721_SW1 (N6)
     LUT6:I4->O            1   0.203   0.580  keyboard_instance/_n017722 (keyboard_instance/N6)
     LUT6:I5->O            1   0.205   0.000  keyboard_instance/is_ctrl_down_0_glue_set (keyboard_instance/is_ctrl_down_0_glue_set)
     FD:D                      0.102          keyboard_instance/is_ctrl_down_0
    ----------------------------------------
    Total                      3.436ns (1.162ns logic, 2.274ns route)
                                       (33.8% logic, 66.2% route)

=========================================================================
Timing constraint: Default OFFSET IN BEFORE for Clock 'clk'
  Total number of paths / destination ports: 33 / 32
-------------------------------------------------------------------------
Offset:              3.849ns (Levels of Logic = 3)
  Source:            rst (PAD)
  Destination:       keyboard_instance/is_ctrl_down_0 (FF)
  Destination Clock: clk rising

  Data Path: rst to keyboard_instance/is_ctrl_down_0
                                Gate     Net
    Cell:in->out      fanout   Delay   Delay  Logical Name (Net Name)
    ----------------------------------------  ------------
     IBUF:I->O            24   1.222   1.537  rst_IBUF (rst_IBUF)
     LUT6:I0->O            1   0.203   0.580  keyboard_instance/_n017722 (keyboard_instance/N6)
     LUT6:I5->O            1   0.205   0.000  keyboard_instance/is_ctrl_down_0_glue_set (keyboard_instance/is_ctrl_down_0_glue_set)
     FD:D                      0.102          keyboard_instance/is_ctrl_down_0
    ----------------------------------------
    Total                      3.849ns (1.732ns logic, 2.117ns route)
                                       (45.0% logic, 55.0% route)

=========================================================================
Timing constraint: Default OFFSET OUT AFTER for Clock 'clk'
  Total number of paths / destination ports: 11 / 11
-------------------------------------------------------------------------
Offset:              3.597ns (Levels of Logic = 1)
  Source:            led/segments_6 (FF)
  Destination:       seg<6> (PAD)
  Source Clock:      clk rising

  Data Path: led/segments_6 to seg<6>
                                Gate     Net
    Cell:in->out      fanout   Delay   Delay  Logical Name (Net Name)
    ----------------------------------------  ------------
     FD:C->Q               1   0.447   0.579  led/segments_6 (led/segments_6)
     OBUF:I->O                 2.571          seg_6_OBUF (seg<6>)
    ----------------------------------------
    Total                      3.597ns (3.018ns logic, 0.579ns route)
                                       (83.9% logic, 16.1% route)

=========================================================================

Cross Clock Domains Report:
--------------------------

Clock to Setup on destination clock clk
---------------+---------+---------+---------+---------+
               | Src:Rise| Src:Fall| Src:Rise| Src:Fall|
Source Clock   |Dest:Rise|Dest:Rise|Dest:Fall|Dest:Fall|
---------------+---------+---------+---------+---------+
clk            |    3.436|         |         |         |
---------------+---------+---------+---------+---------+

=========================================================================


Total REAL time to Xst completion: 10.00 secs
Total CPU time to Xst completion: 3.85 secs
 
--> 


Total memory usage is 460124 kilobytes

Number of errors   :    0 (   0 filtered)
Number of warnings :    7 (   0 filtered)
Number of infos    :    4 (   0 filtered)

